<?xml version="1.0" encoding="UTF-8"?>
<!-- Generated by org.testng.reporters.JUnitReportReporter -->
<testsuite hostname="DESKTOP-PPERJRJ" failures="0" tests="1" name="TestCases.TC_002_RecruitmentPage" time="53.722" errors="0" timestamp="2024-01-22T20:09:46 IST" skipped="0">
  <testcase classname="TestCases.TC_002_RecruitmentPage" name="HomeTC2" time="53.722"/>
</testsuite> <!-- TestCases.TC_002_RecruitmentPage -->
