<?xml version="1.0" encoding="UTF-8"?>
<!-- Generated by org.testng.reporters.JUnitReportReporter -->
<testsuite hostname="DESKTOP-PPERJRJ" failures="0" tests="1" name="TestCases.TC_001_HomePage" time="15.809" errors="0" timestamp="2024-01-22T20:11:13 IST" skipped="0">
  <testcase classname="TestCases.TC_001_HomePage" name="HomepageTestCase" time="15.809"/>
</testsuite> <!-- TestCases.TC_001_HomePage -->
